<?xml version="1.0" encoding="UTF-8"?>
<!-- Generated by org.testng.reporters.JUnitReportReporter -->
<testsuite hostname="Madhukar" failures="0" tests="5" name="testRunner.TestRun" time="118.130" errors="0" timestamp="2025-06-17T14:22:51 IST" skipped="0">
  <testcase classname="testRunner.TestRun" name="runScenario" time="25.378"/>
  <testcase classname="testRunner.TestRun" name="runScenario" time="24.685"/>
  <testcase classname="testRunner.TestRun" name="runScenario" time="21.550"/>
  <testcase classname="testRunner.TestRun" name="runScenario" time="26.819"/>
  <testcase classname="testRunner.TestRun" name="runScenario" time="19.698"/>
</testsuite> <!-- testRunner.TestRun -->
