<?xml version="1.0" encoding="UTF-8"?>
<!-- Generated by org.testng.reporters.JUnitReportReporter -->
<testsuite hostname="Madhukar" failures="0" tests="5" name="testRunner.TestRun" time="90.738" errors="0" timestamp="2025-06-17T12:36:38 IST" skipped="0">
  <testcase classname="testRunner.TestRun" name="runScenario" time="16.881"/>
  <testcase classname="testRunner.TestRun" name="runScenario" time="15.593"/>
  <testcase classname="testRunner.TestRun" name="runScenario" time="24.040"/>
  <testcase classname="testRunner.TestRun" name="runScenario" time="17.476"/>
  <testcase classname="testRunner.TestRun" name="runScenario" time="16.748"/>
</testsuite> <!-- testRunner.TestRun -->
